288
4797
28
7
48
40
55
123
79
98
55
102
104
115
202
123
156
152
183
164
179
188
258
136
202
191
255
218
252
275
311
287
291
4810
306
310
316
334
329
344
379
357
365
363
351
387
373
447
381
418
419
433
427
439
438
404
498
447
465
440
494
527
498
600
508
578
579
875
589
594
593
589
663
633
634
603
655
677
809
688
694
682
735
848
754
806
808
826
816
858
755
840
830
508
880
863
952
864
879
908
926
919
920
918
935
921
968
969
858
978
965
969
947
1027
978
980
976
1040
1014
1086
1023
1076
1036
1086
1148
1106
1119
1119
1392
1126
1228
1176
1240
1220
1200
1238
1239
1239
1247
1290
1328
1258
1291
1275
1311
1292
1303
1366
1255
1319
1375
1334
1368
1347
1451
1097
1393
1403
1586
1443
1537
1496
1553
1500
1542
1570
1541
1556
1550
1561
1391
1652
1586
1594
1599
1639
1627
1582
1703
1666
1671
1645
1725
1685
1791
1714
1762
1726
1762
1762
1783
1774
2054
1781
1799
1807
1858
1846
1856
1819
1857
1959
1724
1898
1875
1899
1903
1911
1904
1986
1956
2008
1876
1994
1975
1996
1977
2004
2036
2262
2067
2085
2058
2143
2090
2118
2199
2147
2165
2224
2247
2160
2170
2170
2053
2294
2283
2329
2290
2312
2248
2446
2342
2403
2327
2424
2416
2428
3591
2428
2497
2478
2520
2508
2516
2530
2529
2533
2555
2551
2552
2534
2559
2554
2584
2667
2608
2610
2608
2584
2652
2624
2722
2637
2675
2753
2662
2728
2691
2734
2845
2757
2793
2778
2814
2797
2813
2915
2821
2849
2869
2861
2865
2864
2940
2764
2888
2916
2930
2925
2978
2877
2943
2931
3003
2969
2998
2971
3005
3002
3007
3067
3046
3088
3060
3072
3071
3077
3352
3082
3120
3110
3122
3135
3125
3137
3130
3142
3242
3152
3172
3205
3184
3202
3185
3246
3287
3151
3319
3221
3299
3311
3360
3347
3358
3036
3484
3340
3399
3414
3338
3462
3421
3439
3418
3451
3425
3469
3459
3481
3469
3531
3469
3471
3501
3488
3469
3566
3507
3511
3504
3544
2470
3905
3593
3606
3632
3665
3643
3649
3733
3666
3694
3675
3689
3701
3752
3772
3762
3808
3765
3780
3783
3829
3795
3844
3818
3861
3828
3848
3863
3948
3882
3902
4236
3924
3926
3943
3972
3943
3967
4025
3973
3991
4024
3995
4016
4001
3863
4103
4041
4042
4051
4057
4169
4037
4138
4072
4209
4141
4177
4142
4183
4185
4203
3569
4567
4238
4296
4279
4281
4304
4301
4312
4432
4328
4390
4360
4318
4414
4409
4413
4513
4449
4476
4486
4475
4490
4482
4489
4446
4535
4524
4524
4507
4550
4534
4652
4212
4571
4581
4589
4601
4585
4609
4597
4600
4701
4557
4633
4623
4647
4622
4676
4675
4712
4686
4752
4709
4692
4715
4738
4740
4774
4741
4768
4743
4801
4784
5189
21
4832
4800
4817
4811
4821
4845
4938
4885
4902
4870
4916
4939
5012
4943
4964
4958
4985
5114
4987
5013
4942
5089
5160
5050
5109
5082
5127
5286
5170
5181
5196
5254
5204
5264
5256
6427
5258
5287
5355
5298
5325
5318
5325
5368
5454
5512
5392
5405
5477
5393
5456
5455
5543
5380
5482
5573
5479
5531
5496
5561
5707
5594
5611
5619
5646
5645
5649
5887
5673
5709
5806
5721
5780
5767
6063
5825
5874
5898
5921
5904
5946
5929
5952
5943
5977
5855
5955
5988
5953
5964
5957
5982
5610
6282
6030
6102
6126
6102
6124
6123
6129
6211
6177
6194
6191
6148
6263
6207
6243
6011
6366
6272
6282
6287
6349
6307
6324
6386
6268
6399
6372
6360
6390
6387
6416
6718
6419
6429
6450
6483
6451
6544
6510
6471
6547
6488
6489
6512
6598
6547
6692
6591
6598
6648
6598
6630
6554
6653
6617
6714
6653
6694
6715
6789
6716
6726
6769
6778
6749
7096
6778
6793
6861
6795
6805
6800
6811
6925
6942
6848
7021
6940
6961
6913
6960
6949
7037
6885
7048
7035
6985
7053
7042
7071
7059
9995
7067
7112
7080
7109
7093
7222
7123
7282
7202
7225
7132
7281
7236
7276
7269
7304
7295
7359
7339
7344
7302
7352
7365
7384
7294
7431
7357
7403
7385
7515
7436
7467
7468
7473
7471
7506
7484
7502
7491
7442
7544
7516
7539
7519
7508
7574
7543
7593
7562
7588
7580
7631
7591
7602
7599
7571
7623
7610
7662
7620
7628
7697
7665
7736
7671
7709
7763
7718
7725
7748
7724
7745
7738
7760
8207
7761
7923
7762
7806
7782
7820
7809
7901
7908
7843
7894
7852
7954
7904
7931
7913
7946
7967
8106
7983
8000
8026
8004
8010
8009
8018
8059
8029
8075
8047
8038
8082
8068
8149
7978
8107
8123
8180
8148
8162
8151
8102
8188
8181
8186
8172
8188
8187
8234
8192
8197
8216
8858
8225
8230
8226
8224
8372
8274
8322
8292
8263
8376
8356
8471
8383
8408
8391
8437
8423
8477
8391
8475
8457
8470
8541
8499
8510
8476
8538
8548
8634
8553
8560
8585
8571
8620
8574
8600
8549
8714
8630
8643
8622
8680
8675
8724
8695
8704
8715
8720
8716
8839
8699
8781
8784
8813
8786
8847
8722
8833
8819
8842
7667
9148
8856
8883
8857
8903
8890
8897
8893
8909
8970
8944
8945
8939
8971
8966
8999
9031
9088
9014
9028
9017
9069
9045
9051
9096
9011
9106
9088
9099
9073
9114
9105
9121
9451
9129
9173
9176
9198
9182
9277
9204
9225
9231
9233
9221
9240
9235
9296
9280
9322
9287
9300
9285
9352
9312
9323
9314
9370
9304
9365
9329
9365
8856
9423
9375
9582
9409
9457
9498
9464
9483
9469
9485
9553
9537
9544
9517
9551
9372
9625
9578
9590
9619
9584
9606
9594
9555
9708
9649
9653
9620
9660
9657
9663
9748
9844
9726
9749
9733
9757
9758
9776
9825
9763
9829
9795
9766
9828
9663
9938
9846
9847
9889
9856
9871
9859
9830
9999
9965
9966
9899
9975
9979
9985