172
102
138
174
306
152
243
356
359
391
206
153
212
66
8
257
339
21
318
19
6816
5142
3
193
247
25
282
199
104
306
260
171
30
277
289
311
349
25
6
185
207
355
213
469
106
413
392
534
490
442
482
463
489
454
951
515
519
503
535
844
403
547
560
636
784
586
631
627
637
636
652
658
807
628
682
691
714
699
706
683
749
817
722
838
760
783
727
891
822
753
857
854
855
852
856
1012
721
861
927
865
920
872
860
1063
959
985
1009
970
1041
986
981
1021
1015
1100
1080
1091
1023
1511
1032
1062
1101
1089
900
1177
1131
1143
1109
1426
1170
1238
1175
1190
1177
1229
1206
1222
1305
1270
1277
1159
1417
1326
1454
1383
1333
1461
1351
1344
1469
1386
1398
1386
2086
1406
1425
1408
1444
1453
1455
1349
1473
1953
1296
1477
1475
1954
1480
1600
1487
1530
1522
1513
1533
1520
1600
1549
1633
1571
1593
2093
1541
1619
1601
1541
1785
1659
1659
1639
1667
1660
1715
1649
1671
1769
1709
2012
1716
1712
1786
1763
1790
1953
1881
1961
1770
3016
1791
1960
1818
2040
1869
1997
1974
2047
2003
2039
2006
2006
1968
2109
2055
2100
2152
2019
2862
2111
2130
2611
2163
2165
2163
2179
2172
2188
2163
2534
2167
2218
2184
2245
2192
2467
2244
2287
2224
2479
2269
2277
2352
2292
2399
2296
2413
2615
2478
2533
2511
2538
2588
2720
2308
2580
2551
2642
2641
2718
2711
2547
2779
2683
2707
2744
2356
2807
2763
2778
2746
2873
2805
2815
2500
2925
2809
2830
2837
2854
3056
2857
2977
2873
2991
2877
2925
2878
2927
5115
2838
3007
3002
3029
2994
3041
3038
2988
3059
3287
2727
3091
3077
3136
3113
3170
3201
3137
3191
3189
3331
3175
3205
3246
3263
3235
3205
3315
3231
3279
3239
3460
3218
3289
3335
3363
3348
3355
3287
3380
3375
3412
3378
3307
3429
3414
3604
3260
3434
3434
3471
3458
3579
3348
3503
3504
3521
3531
3822
3554
3577
3573
3537
3601
3575
3626
3758
3529
3634
3634
3638
3902
3636
3668
3738
3640
3717
3686
3695
3796
3742
3790
3756
3788
3840
3676
3927
3818
3889
3899
3805
3950
3888
3924
5280
3849
3951
3929
3702
3952
4114
3520
3976
4048
4049
3973
4373
4039
4067
4000
4154
4100
4151
4135
4149
4193
4279
4008
4209
4236
4212
4232
4220
4205
4290
4251
4255
4248
4265
4268
4271
3988
4614
4345
4075
4373
4403
4247
4373
4392
4454
4396
4411
4411
4426
4393
4751
4441
4446
4418
4456
4464
4445
4606
4457
4469
4599
4486
4536
4556
4526
4738
4537
4580
4583
4645
4670
4649
4651
4730
4634
4758
4712
4676
4739
4652
4794
4750
4818
4683
5075
4782
4793
4770
4845
4820
4878
3978
5631
4845
4872
4912
4882
4969
4874
5044
4950
4953
4976
5049
5010
5124
5031
5067
5094
5068
5084
5070
5091
5080
5133
5117
5102
5113
5112
4945
5370
5126
5135
4924
5389
5154
5173
5166
5149
5180
5188
5223
5194
5235
5212
5233
5148
5348
5248
5304
5258
5328
5274
5419
5302
5311
5350
5352
5522
4214
5422
6156
5453
5484
5460
5495
5469
5614
5556
5645
5581
5623
5556
5644
5639
5811
5815
5716
5740
5629
5822
5649
5814
5686
5694
5672
5958
5625
5845
5853
5876
5870
5855
5877
5834
6110
5915
5932
5840
6241
5965
5989
5975
6039
5986
6013
5975
6260
6021
6095
6028
6205
6044
6113
6052
6121
6064
6140
6104
6140
6041
6216
6279
6274
6142
6347
6172
6276
6257
6044
6368
6285
6318
6472
6302
6329
6747
6353
6385
6382
6394
6445
6376
6409
6401
6437
6417
6476
6486
6694
6064
6498
6597
6501
6678
6567
6684
6529
6606
6611
6655
6617
6616
6673
6590
6678
6650
6791
6683
6664
6789
6726
6756
6862
6768
6769
6774
6806
6794
6960
3131
6855
6817
6859
6882
6920
6920
6872
6930
6905
6980
6957
6886
7017
7047
6969
6995
6974
7034
7026
7012
7014
7013
7212
6960
7043
7205
7052
7076
7170
7070
7165
7114
6855
7245
7210
7240
7404
7049
7246
7241
7252
7251
244
7273
7445
6884
7347
7338
7368
7361
7362
7402
7309
7439
7380
7372
7422
7421
7452
7428
7496
7416
7446
7444
7465
7474
7397
7538
7485
7486
7913
7478
7535
7519
7088
7696
7574
7619
7597
7584
7648
7640
7582
7701
7652
7668
7663
7672
7735
7679
7721
7697
7725
7733
7758
7725
7732
7728
7755
8058
7738
7760
7760
7784
7757
7790
7756
7818
7793
7839
7845
7697
7846
7743
7944
7851
8084
7853
7949
7865
7929
7900
7993
7968
8193
8063
7987
8011
7995
8101
8013
8170
8093
8148
8097
8145
8130
8196
8078
8168
8156
8475
8191
8382
7921
8205
8219
8231
8322
8228
8267
8263
8290
8275
8996
8337
8409
8372
8377
8491
8289
8413
8497
8415
8417
8429
8474
8416
8503
8492
8531
8464
8698
8509
8567
8586
8516
8738
8600
8615
8604
8595
8709
8624
8650
8644
8635
8663
8695
8623
8674
8664
8677
8730
8667
9043
8707
8751
8683
8742
8731
8745
8675
9029
8773
8786
8824
8779
8792
8789
8809
8765
8852
8846
8828
8917
8901
8946
8868
8889
8889
8876
8923
8923
8913
9012
8917
8925
8936
8946
8946
8942
9022
8951
9014
9048
8964
9024
9015
9017
9699
9031
9089
8242
9346
9063
9065
9085
9241
9105
9120
9111
9192
9125
9254
9145
9260
9148
9206
9253
9254
9252
9858
9246
9204
9231
9231
9259
9263
9255
9323
9261
9283
9334
9345
9270
9402
9305
9325
9288
9371
9354
9380
9365
9158
9507
9416
9441
9502
9424
9672
9442
9476
9641
9488
9546
9558
9523
9677
9553
9575
9593
9576
9578
9559
9785
9606
9638
9621
9606
9664
9681
9831
9703
9758
9683
9779
9762
9708
9830
9789
9802
9785
9844
9810
9373
9996
9855
9871
9871
9915
9888
9965
9901
9904
9982
9965